[*] Command ran: ./palera1n.sh 
palera1n | Version 1.4.2-main-bac77ba
Made with ❤ by Nebula, Mineek, Nathan, llsc12, Ploosh, and Nick Chan

[*] Waiting for devices
[*] Detected normal mode device
ERROR: Could not connect to lockdownd: Invalid HostID (-21)
ERROR: Could not connect to lockdownd: Invalid HostID (-21)
ERROR: Could not connect to lockdownd: Invalid HostID (-21)
Hello,  on !
[*] Switching device into recovery mode...
ERROR: Could not connect to lockdownd: Invalid HostID (-21)
ERROR: No UDID specified
Usage: ideviceenterrecovery [OPTIONS] UDID

Makes a device with the supplied UDID enter recovery mode immediately.

OPTIONS:
  -d, --debug           enable communication debugging
  -h, --help            prints usage information
  -v, --version         prints version information

Homepage:    <https://libimobiledevice.org>
Bug Reports: <https://github.com/libimobiledevice/libimobiledevice/issues>
