[*] Command ran: sudo ./palera1n.sh 15.6
palera1n | Version 1.4.2-main-bac77ba
Made with ❤ by Nebula, Mineek, Nathan, llsc12, Ploosh, and Nick Chan

[*] Waiting for devices
[*] Detected normal mode device
Hello, iPhone9,4 on 15.6!
[*] Switching device into recovery mode...
Telling device with udid 181a66f588e827cd213e47b90366b39500e17e3c to enter recovery mode.
Device is successfully switching to recovery mode.
[*] Waiting for device in recovery mode
[*] Getting device info...
[*] Press any key when ready for DFU mode
[K[1;36mGet ready (3)[K[1;36mGet ready (2)[K[1;36mGet ready (1)[K[1;36mGet ready (0)[0m
[K[1;36mHold volume down + side button (4)[K[1;36mHold volume down + side button (3)[K[1;36mHold volume down + side button (2)[K[1;36mHold volume down + side button (1)[K[1;36mHold volume down + side button (0)[0m
[K[1;36mRelease side button, but keep holding volume down (10)[K[1;36mRelease side button, but keep holding volume down (9)[K[1;36mRelease side button, but keep holding volume down (8)[K[1;36mRelease side button, but keep holding volume down (7)[K[1;36mRelease side button, but keep holding volume down (6)[K[1;36mRelease side button, but keep holding volume down (5)[K[1;36mRelease side button, but keep holding volume down (4)[K[1;36mRelease side button, but keep holding volume down (3)[0m
[*] Device entered DFU!
[*] Creating ramdisk
Archive:  gaster-Linux.zip
  End-of-central-directory signature not found.  Either this file is not
  a zipfile, or it constitutes one disk of a multi-part archive.  In the
  latter case the central directory and zipfile comment will be found on
  the last disk(s) of this archive.
unzip:  cannot find zipfile directory in one of gaster-Linux.zip or
        gaster-Linux.zip.zip, and cannot find gaster-Linux.zip.ZIP, period.
[-] An error occurred
