[*] Command ran: sudo ./palera1n.sh 15.6
palera1n | Version 1.4.2-main-bac77ba
Made with ❤ by Nebula, Mineek, Nathan, llsc12, Ploosh, and Nick Chan

[*] Downloading gaster...
  % Total    % Received % Xferd  Average Speed   Time    Time     Time  Current
                                 Dload  Upload   Total   Spent    Left  Speed
  0     0    0     0    0     0      0      0 --:--:-- --:--:-- --:--:--     0  0     0    0     0    0     0      0      0 --:--:-- --:--:-- --:--:--     0
  2  103k    2  2747    0     0   2832      0  0:00:37 --:--:--  0:00:37  2832100  103k  100  103k    0     0   100k      0  0:00:01  0:00:01 --:--:-- 1706k
[*] gaster is already unzipped.
[*] gaster is installed and ready to use.
[*] Waiting for devices
[*] Detected DFU mode device
[*] Getting device info...
[*] Creating ramdisk
Archive:  gaster-Linux.zip
  End-of-central-directory signature not found.  Either this file is not
  a zipfile, or it constitutes one disk of a multi-part archive.  In the
  latter case the central directory and zipfile comment will be found on
  the last disk(s) of this archive.
note:  gaster-Linux.zip may be a plain executable, not an archive
unzip:  cannot find zipfile directory in one of gaster-Linux.zip or
        gaster-Linux.zip.zip, and cannot find gaster-Linux.zip.ZIP, period.
[-] An error occurred
